idx  0 : 1.000000
idx  1 : 0.999999
idx  2 : 0.999997
idx  3 : 0.996705
idx  4 : 0.999990
idx  5 : 0.993601
idx  6 : 0.987897
idx  7 : 0.792074
idx  8 : 0.999914
idx  9 : 0.981566
idx 10 : 0.966439
idx 11 : 0.667170
idx 12 : 0.924502
idx 13 : 0.525960
idx 14 : 0.401544
idx 15 : 0.051257
idx 16 : 0.998884
idx 17 : 0.934302
idx 18 : 0.889680
idx 19 : 0.446030
idx 20 : 0.795744
idx 21 : 0.300362
idx 22 : 0.203277
idx 23 : 0.011536
idx 24 : 0.639770
idx 25 : 0.159847
idx 26 : 0.098926
idx 27 : 0.002576
idx 28 : 0.056201
idx 29 : 0.000813
idx 30 : 0.000412
idx 31 : 0.000000
idx 32 : 0.987714
idx 33 : 0.790603
idx 34 : 0.691958
idx 35 : 0.198011
idx 36 : 0.545513
idx 37 : 0.106174
idx 38 : 0.063007
idx 39 : 0.001025
idx 40 : 0.378871
idx 41 : 0.044894
idx 42 : 0.025037
idx 43 : 0.000159
idx 44 : 0.013292
idx 45 : 0.000044
idx 46 : 0.000022
idx 47 : 0.000000
idx 48 : 0.233699
idx 49 : 0.015529
idx 50 : 0.008272
idx 51 : 0.000017
idx 52 : 0.004277
idx 53 : 0.000005
idx 54 : 0.000002
idx 55 : 0.000000
idx 56 : 0.002176
idx 57 : 0.000001
idx 58 : 0.000001
idx 59 : 0.000000
idx 60 : 0.000000
idx 61 : 0.000000
idx 62 : 0.000000
idx 63 : 0.000000
idx 64 : 0.924675
idx 65 : 0.526418
idx 66 : 0.401987
idx 67 : 0.051387
idx 68 : 0.271974
idx 69 : 0.021537
idx 70 : 0.011606
idx 71 : 0.000034
idx 72 : 0.164886
idx 73 : 0.007423
idx 74 : 0.003877
idx 75 : 0.000004
idx 76 : 0.001983
idx 77 : 0.000001
idx 78 : 0.000000
idx 79 : 0.000000
idx 80 : 0.092189
idx 81 : 0.002229
idx 82 : 0.001141
idx 83 : 0.000000
idx 84 : 0.000578
idx 85 : 0.000000
idx 86 : 0.000000
idx 87 : 0.000000
idx 88 : 0.000291
idx 89 : 0.000000
idx 90 : 0.000000
idx 91 : 0.000000
idx 92 : 0.000000
idx 93 : 0.000000
idx 94 : 0.000000
idx 95 : 0.000000
idx 96 : 0.048980
idx 97 : 0.000615
idx 98 : 0.000311
idx 99 : 0.000000
idx 100 : 0.000157
idx 101 : 0.000000
idx 102 : 0.000000
idx 103 : 0.000000
idx 104 : 0.000079
idx 105 : 0.000000
idx 106 : 0.000000
idx 107 : 0.000000
idx 108 : 0.000000
idx 109 : 0.000000
idx 110 : 0.000000
idx 111 : 0.000000
idx 112 : 0.000039
idx 113 : 0.000000
idx 114 : 0.000000
idx 115 : 0.000000
idx 116 : 0.000000
idx 117 : 0.000000
idx 118 : 0.000000
idx 119 : 0.000000
idx 120 : 0.000000
idx 121 : 0.000000
idx 122 : 0.000000
idx 123 : 0.000000
idx 124 : 0.000000
idx 125 : 0.000000
idx 126 : 0.000000
idx 127 : 0.000000
=   1, 0.999999
=   2, 0.999997
=   3, 0.996705
=   4, 0.999990
=   5, 0.993601
=   6, 0.987897
=   7, 0.792074
=   8, 0.999914
=   9, 0.981566
=  10, 0.966439
=  11, 0.667170
=  12, 0.924502
=  13, 0.525960
=  14, 0.401544
=  15, 0.051257
=  16, 0.998884
=  17, 0.934302
=  18, 0.889680
=  19, 0.446030
=  20, 0.795744
=  21, 0.300362
=  22, 0.203277
=  23, 0.011536
=  24, 0.639770
=  25, 0.159847
=  26, 0.098926
=  27, 0.002576
=  28, 0.056201
=  29, 0.000813
=  30, 0.000412
=  31, 0.000000
=  32, 0.987714
=  33, 0.790603
=  34, 0.691958
=  35, 0.198011
=  36, 0.545513
=  37, 0.106174
=  38, 0.063007
=  39, 0.001025
=  40, 0.378871
=  41, 0.044894
=  42, 0.025037
=  43, 0.000159
=  44, 0.013292
=  45, 0.000044
=  46, 0.000022
=  47, 0.000000
=  48, 0.233699
=  49, 0.015529
=  50, 0.008272
=  51, 0.000017
=  52, 0.004277
=  53, 0.000005
=  54, 0.000002
=  55, 0.000000
=  56, 0.002176
=  57, 0.000001
=  58, 0.000001
=  59, 0.000000
=  60, 0.000000
=  61, 0.000000
=  62, 0.000000
=  63, 0.000000
=  64, 0.924675
=  65, 0.526418
=  66, 0.401987
=  67, 0.051387
=  68, 0.271974
=  69, 0.021537
=  70, 0.011606
=  71, 0.000034
=  72, 0.164886
=  73, 0.007423
=  74, 0.003877
=  75, 0.000004
=  76, 0.001983
=  77, 0.000001
=  78, 0.000000
=  79, 0.000000
=  81, 0.002229
=  82, 0.001141
=  83, 0.000000
=  84, 0.000578
=  85, 0.000000
=  86, 0.000000
=  87, 0.000000
=  88, 0.000291
=  89, 0.000000
=  90, 0.000000
=  91, 0.000000
=  92, 0.000000
=  93, 0.000000
=  94, 0.000000
=  95, 0.000000
=  97, 0.000615
= 100, 0.000157
= 101, 0.000000
= 103, 0.000000
= 127, 0.000000
get_basic_bhattacharyya_value 0.198997
total_bhattacharyya_value 24.330080 10000000000000000000000000000000000000000000000000000000000000000000000000000000200000000000000020220020222222222222222222222220
